<?xml version="1.0" encoding="UTF-8"?>
<!-- Generated by org.testng.reporters.JUnitReportReporter -->
<testsuite hostname="DESKTOP-5VGD0PP" failures="0" tests="1" name="BasicsofSelenium.Checkbox" time="18.217" errors="0" timestamp="2024-10-06T09:29:53 IST" skipped="0">
  <testcase classname="BasicsofSelenium.Checkbox" name="launch" time="18.217"/>
</testsuite> <!-- BasicsofSelenium.Checkbox -->
