<?xml version="1.0" encoding="UTF-8"?>
<!-- Generated by org.testng.reporters.JUnitReportReporter -->
<testsuite hostname="DESKTOP-5VGD0PP" failures="0" tests="1" name="BasicsofSelenium.RadioButton" time="3.849" errors="0" timestamp="2024-10-06T09:38:37 IST" skipped="0">
  <testcase classname="BasicsofSelenium.RadioButton" name="launch" time="3.849"/>
</testsuite> <!-- BasicsofSelenium.RadioButton -->
