<?xml version="1.0" encoding="UTF-8"?>
<!-- Generated by org.testng.reporters.JUnitReportReporter -->
<testsuite hostname="DESKTOP-5VGD0PP" failures="0" tests="1" name="BasicsofSelenium.Dropdown" time="4.949" errors="0" timestamp="2024-10-06T09:52:00 IST" skipped="0">
  <testcase classname="BasicsofSelenium.Dropdown" name="launch" time="4.949"/>
</testsuite> <!-- BasicsofSelenium.Dropdown -->
