<?xml version="1.0" encoding="UTF-8"?>
<!-- Generated by org.testng.reporters.JUnitReportReporter -->
<testsuite hostname="DESKTOP-5VGD0PP" failures="0" tests="1" name="BasicsofSelenium.Syncronization" time="9.359" errors="0" timestamp="2024-10-05T09:06:39 IST" skipped="0">
  <testcase classname="BasicsofSelenium.Syncronization" name="launch" time="9.359"/>
</testsuite> <!-- BasicsofSelenium.Syncronization -->
