<?xml version="1.0" encoding="UTF-8"?>
<!-- Generated by org.testng.reporters.JUnitReportReporter -->
<testsuite hostname="DESKTOP-5VGD0PP" failures="0" tests="1" name="BasicsofSelenium.ListConcepts" time="4.056" errors="0" timestamp="2024-10-06T10:05:37 IST" skipped="0">
  <testcase classname="BasicsofSelenium.ListConcepts" name="launch" time="4.056"/>
</testsuite> <!-- BasicsofSelenium.ListConcepts -->
