<?xml version="1.0" encoding="UTF-8"?>
<!-- Generated by org.testng.reporters.JUnitReportReporter -->
<testsuite hostname="DESKTOP-5VGD0PP" failures="0" tests="1" name="BasicsofSelenium.FirstClass" time="4.993" errors="0" timestamp="2024-09-29T09:42:24 IST" skipped="0">
  <testcase classname="BasicsofSelenium.FirstClass" name="launch" time="4.993"/>
</testsuite> <!-- BasicsofSelenium.FirstClass -->
